c:\users\admin\downloads\rl mod\rl mod\snayck's.0e009492\x64\release\instances.obj
c:\users\admin\downloads\rl mod\rl mod\snayck's.0e009492\x64\release\gui.obj
c:\users\admin\downloads\rl mod\rl mod\snayck's.0e009492\x64\release\gfxui_classes.obj
c:\users\admin\downloads\rl mod\rl mod\snayck's.0e009492\x64\release\gamestate.obj
c:\users\admin\downloads\rl mod\rl mod\snayck's.0e009492\x64\release\unrealmemory.obj
c:\users\admin\downloads\rl mod\rl mod\snayck's.0e009492\x64\release\engine_classes.obj
c:\users\admin\downloads\rl mod\rl mod\snayck's.0e009492\x64\release\component.obj
c:\users\admin\downloads\rl mod\rl mod\snayck's.0e009492\x64\release\colors.obj
c:\users\admin\downloads\rl mod\rl mod\snayck's.0e009492\x64\release\pch.obj
c:\users\admin\downloads\rl mod\rl mod\snayck's.0e009492\x64\release\windrv_classes.obj
c:\users\admin\downloads\rl mod\rl mod\snayck's.0e009492\x64\release\dllmain.obj
c:\users\admin\downloads\rl mod\rl mod\snayck's.0e009492\x64\release\module.obj
c:\users\admin\downloads\rl mod\rl mod\snayck's.0e009492\x64\release\tagame_classes.obj
c:\users\admin\downloads\rl mod\rl mod\snayck's.0e009492\x64\release\core.obj
c:\users\admin\downloads\rl mod\rl mod\snayck's.0e009492\x64\release\memory.obj
c:\users\admin\downloads\rl mod\rl mod\snayck's.0e009492\x64\release\core_classes.obj
c:\users\admin\downloads\rl mod\rl mod\snayck's.0e009492\x64\release\xaudio2_classes.obj
c:\users\admin\downloads\rl mod\rl mod\snayck's.0e009492\x64\release\console.obj
c:\users\admin\downloads\rl mod\rl mod\snayck's.0e009492\x64\release\formatting.obj
c:\users\admin\downloads\rl mod\rl mod\snayck's.0e009492\x64\release\gamedefines.obj
c:\users\admin\downloads\rl mod\rl mod\snayck's.0e009492\x64\release\ipdrv_classes.obj
c:\users\admin\downloads\rl mod\rl mod\snayck's.0e009492\x64\release\main.obj
c:\users\admin\downloads\rl mod\rl mod\snayck's.0e009492\x64\release\math.obj
c:\users\admin\downloads\rl mod\rl mod\snayck's.0e009492\x64\release\akaudio_classes.obj
c:\users\admin\downloads\rl mod\rl mod\snayck's.0e009492\x64\release\projectx_classes.obj
c:\users\admin\downloads\rl mod\rl mod\snayck's.0e009492\x64\release\manager.obj
c:\users\admin\downloads\rl mod\rl mod\snayck's.0e009492\x64\release\imgui.obj
c:\users\admin\downloads\rl mod\rl mod\snayck's.0e009492\x64\release\imgui_demo.obj
c:\users\admin\downloads\rl mod\rl mod\snayck's.0e009492\x64\release\imgui_draw.obj
c:\users\admin\downloads\rl mod\rl mod\snayck's.0e009492\x64\release\imgui_impl_dx11.obj
c:\users\admin\downloads\rl mod\rl mod\snayck's.0e009492\x64\release\imgui_impl_win32.obj
c:\users\admin\downloads\rl mod\rl mod\snayck's.0e009492\x64\release\imgui_stdlib.obj
c:\users\admin\downloads\rl mod\rl mod\snayck's.0e009492\x64\release\imgui_tables.obj
c:\users\admin\downloads\rl mod\rl mod\snayck's.0e009492\x64\release\imgui_widgets.obj
c:\users\admin\downloads\rl mod\rl mod\snayck's.0e009492\x64\release\kiero.obj
c:\users\admin\downloads\rl mod\rl mod\snayck's.0e009492\x64\release\drawing.obj
c:\users\admin\downloads\rl mod\rl mod\snayck's.0e009492\x64\release\onlinesubsystemeos_classes.obj
c:\users\admin\downloads\rl mod\rl mod\snayck's.0e009492\x64\release\events.obj
c:\users\admin\downloads\rl mod\rl mod\snayck's.0e009492\x64\release\ballprediction.obj
c:\users\admin\downloads\rl mod\rl mod\snayck's.0e009492\x64\release\supersonic.obj
c:\users\admin\downloads\rl mod\rl mod\snayck's.0e009492\x64\release\spawnitems.obj
c:\users\admin\downloads\rl mod\rl mod\snayck's.0e009492\x64\release\vc143.pdb
c:\users\admin\downloads\rl mod\rl mod\x64\release\snayck's template.dll
c:\users\admin\downloads\rl mod\rl mod\x64\release\snayck's template.pdb
c:\users\admin\downloads\rl mod\rl mod\snayck's.0e009492\x64\release\snayck's template.ipdb
c:\users\admin\downloads\rl mod\rl mod\snayck's.0e009492\x64\release\snayck's template.iobj
c:\users\admin\downloads\rl mod\rl mod\snayck's.0e009492\x64\release\snayck's.0e009492.tlog\cl.command.1.tlog
c:\users\admin\downloads\rl mod\rl mod\snayck's.0e009492\x64\release\snayck's.0e009492.tlog\cl.items.tlog
c:\users\admin\downloads\rl mod\rl mod\snayck's.0e009492\x64\release\snayck's.0e009492.tlog\cl.read.1.tlog
c:\users\admin\downloads\rl mod\rl mod\snayck's.0e009492\x64\release\snayck's.0e009492.tlog\cl.write.1.tlog
c:\users\admin\downloads\rl mod\rl mod\snayck's.0e009492\x64\release\snayck's.0e009492.tlog\link.command.1.tlog
c:\users\admin\downloads\rl mod\rl mod\snayck's.0e009492\x64\release\snayck's.0e009492.tlog\link.read.1.tlog
c:\users\admin\downloads\rl mod\rl mod\snayck's.0e009492\x64\release\snayck's.0e009492.tlog\link.secondary.1.tlog
c:\users\admin\downloads\rl mod\rl mod\snayck's.0e009492\x64\release\snayck's.0e009492.tlog\link.write.1.tlog
